<?xml version="1.0" encoding="UTF-8"?>
<!-- Generated by org.testng.reporters.JUnitXMLReporter -->
<testsuite hostname="lenovo" ignored="8" name="Default test(failed)" tests="1" failures="1" timestamp="26 Jan 2019 01:20:14 GMT" time="27.503" errors="0">
  <testcase name="loginUserTest" time="18.956" classname="com.olympic.test.olympictrial">
    <failure type="org.openqa.selenium.ElementNotInteractableException" message="Element &amp;lt;a class=&amp;quot;mobile-trolley-icon&amp;quot; href=&amp;quot;/shop/viewtrolley&amp;quot;&amp;gt; could not be scrolled into view
Build info: version: &amp;apos;3.14.0&amp;apos;, revision: &amp;apos;aacccce0&amp;apos;, time: &amp;apos;2018-08-02T20:13:22.693Z&amp;apos;
System info: host: &amp;apos;lenovo&amp;apos;, ip: &amp;apos;192.168.1.6&amp;apos;, os.name: &amp;apos;Linux&amp;apos;, os.arch: &amp;apos;amd64&amp;apos;, os.version: &amp;apos;4.15.0-43-generic&amp;apos;, java.version: &amp;apos;1.8.0_181&amp;apos;
Driver info: org.openqa.selenium.firefox.FirefoxDriver
Capabilities {acceptInsecureCerts: true, browserName: firefox, browserVersion: 64.0, capabilities: {desiredCapabilities: {acceptInsecureCerts: true, browserName: firefox}}, javascriptEnabled: true, moz:accessibilityChecks: false, moz:headless: false, moz:processID: 19371, moz:profile: /tmp/rust_mozprofile.u36biL..., moz:shutdownTimeout: 60000, moz:useNonSpecCompliantPointerOrigin: false, moz:webdriverClick: true, pageLoadStrategy: normal, platform: LINUX, platformName: LINUX, platformVersion: 4.15.0-43-generic, rotatable: false, setWindowRect: true, timeouts: {implicit: 0, pageLoad: 300000, script: 30000}, unhandledPromptBehavior: dismiss and notify}
Session ID: 7b45c44f-212b-40f9-aa16-74a786b874e3">
      <![CDATA[org.openqa.selenium.ElementNotInteractableException: Element <a class="mobile-trolley-icon" href="/shop/viewtrolley"> could not be scrolled into view
Build info: version: '3.14.0', revision: 'aacccce0', time: '2018-08-02T20:13:22.693Z'
System info: host: 'lenovo', ip: '192.168.1.6', os.name: 'Linux', os.arch: 'amd64', os.version: '4.15.0-43-generic', java.version: '1.8.0_181'
Driver info: org.openqa.selenium.firefox.FirefoxDriver
Capabilities {acceptInsecureCerts: true, browserName: firefox, browserVersion: 64.0, capabilities: {desiredCapabilities: {acceptInsecureCerts: true, browserName: firefox}}, javascriptEnabled: true, moz:accessibilityChecks: false, moz:headless: false, moz:processID: 19371, moz:profile: /tmp/rust_mozprofile.u36biL..., moz:shutdownTimeout: 60000, moz:useNonSpecCompliantPointerOrigin: false, moz:webdriverClick: true, pageLoadStrategy: normal, platform: LINUX, platformName: LINUX, platformVersion: 4.15.0-43-generic, rotatable: false, setWindowRect: true, timeouts: {implicit: 0, pageLoad: 300000, script: 30000}, unhandledPromptBehavior: dismiss and notify}
Session ID: 7b45c44f-212b-40f9-aa16-74a786b874e3
	at org.openqa.selenium.remote.http.W3CHttpResponseCodec.createException(W3CHttpResponseCodec.java:187)
	at org.openqa.selenium.remote.http.W3CHttpResponseCodec.decode(W3CHttpResponseCodec.java:122)
	at org.openqa.selenium.remote.http.W3CHttpResponseCodec.decode(W3CHttpResponseCodec.java:49)
	at org.openqa.selenium.remote.HttpCommandExecutor.execute(HttpCommandExecutor.java:158)
	at org.openqa.selenium.remote.service.DriverCommandExecutor.execute(DriverCommandExecutor.java:83)
	at org.openqa.selenium.remote.RemoteWebDriver.execute(RemoteWebDriver.java:548)
	at org.openqa.selenium.remote.RemoteWebElement.execute(RemoteWebElement.java:276)
	at org.openqa.selenium.remote.RemoteWebElement.click(RemoteWebElement.java:83)
	at com.olympic.test.olympictrial.clearTroly(olympictrial.java:67)
	at com.olympic.test.olympictrial.loginUserTest(olympictrial.java:57)
... Removed 29 stack frames]]>
    </failure>
  </testcase> <!-- loginUserTest -->
  <testcase name="enterItemListTest" time="0.0" classname="com.olympic.test.olympictrial">
    <ignored/>
  </testcase> <!-- enterItemListTest -->
  <testcase name="clickViewAllTest" time="0.0" classname="com.olympic.test.olympictrial">
    <ignored/>
  </testcase> <!-- clickViewAllTest -->
  <testcase name="selectTheProductTest" time="0.0" classname="com.olympic.test.olympictrial">
    <ignored/>
  </testcase> <!-- selectTheProductTest -->
  <testcase name="findFromSearchResultTest" time="0.0" classname="com.olympic.test.olympictrial">
    <ignored/>
  </testcase> <!-- findFromSearchResultTest -->
  <testcase name="searchShopFromListTest" time="0.0" classname="com.olympic.test.olympictrial">
    <ignored/>
  </testcase> <!-- searchShopFromListTest -->
  <testcase name="saveTrolyTest" time="0.0" classname="com.olympic.test.olympictrial">
    <ignored/>
  </testcase> <!-- saveTrolyTest -->
  <testcase name="addToTrolyTest" time="0.0" classname="com.olympic.test.olympictrial">
    <ignored/>
  </testcase> <!-- addToTrolyTest -->
  <testcase name="selectTheTrolyTest" time="0.0" classname="com.olympic.test.olympictrial">
    <ignored/>
  </testcase> <!-- selectTheTrolyTest -->
</testsuite> <!-- Default test(failed) -->
